<?xml version="1.0" encoding="UTF-8"?>
<robot generator="Robot 4.1.2 (Python 3.9.7 on win32)" generated="20211103 03:34:46.101" rpa="false" schemaversion="2">
<suite id="s1" name="TC1" source="C:\Users\siddh\PycharmProjects\RobotFramework\TestCases\TC1.robot">
<test id="s1-t1" name="LoginTest">
<kw name="Open Browser" library="SeleniumLibrary">
<arg>https://my.dnb.com/login</arg>
<arg>chrome</arg>
<doc>Opens a new browser instance to the optional ``url``.</doc>
<msg timestamp="20211103 03:34:46.392" level="INFO">Opening browser 'chrome' to base url 'https://my.dnb.com/login'.</msg>
<status status="PASS" starttime="20211103 03:34:46.392" endtime="20211103 03:34:53.817"/>
</kw>
<kw name="Wait Until Element Is Visible" library="SeleniumLibrary">
<arg>id:okta-signin-username</arg>
<arg>timeout=10</arg>
<doc>Waits until the element ``locator`` is visible.</doc>
<status status="PASS" starttime="20211103 03:34:53.819" endtime="20211103 03:34:53.877"/>
</kw>
<kw name="Input Text" library="SeleniumLibrary">
<arg>id:okta-signin-username</arg>
<arg>prodtest.ankitkabrawalaabc.defgh@gmail.com</arg>
<doc>Types the given ``text`` into the text field identified by ``locator``.</doc>
<msg timestamp="20211103 03:34:53.880" level="INFO">Typing text 'prodtest.ankitkabrawalaabc.defgh@gmail.com' into text field 'id:okta-signin-username'.</msg>
<status status="PASS" starttime="20211103 03:34:53.877" endtime="20211103 03:34:54.281"/>
</kw>
<kw name="Input Text" library="SeleniumLibrary">
<arg>id:okta-signin-password</arg>
<arg>$Testing5670</arg>
<doc>Types the given ``text`` into the text field identified by ``locator``.</doc>
<msg timestamp="20211103 03:34:54.283" level="INFO">Typing text '$Testing5670' into text field 'id:okta-signin-password'.</msg>
<status status="PASS" starttime="20211103 03:34:54.282" endtime="20211103 03:34:54.536"/>
</kw>
<kw name="Click Element" library="SeleniumLibrary">
<arg>xpath://input[@id="okta-signin-submit"]</arg>
<doc>Click the element identified by ``locator``.</doc>
<msg timestamp="20211103 03:34:54.543" level="INFO">Clicking element 'xpath://input[@id="okta-signin-submit"]'.</msg>
<status status="PASS" starttime="20211103 03:34:54.541" endtime="20211103 03:34:54.706"/>
</kw>
<kw name="Close Browser" library="SeleniumLibrary">
<doc>Closes the current browser.</doc>
<status status="PASS" starttime="20211103 03:34:54.708" endtime="20211103 03:34:57.043"/>
</kw>
<status status="PASS" starttime="20211103 03:34:46.392" endtime="20211103 03:34:57.045"/>
</test>
<status status="PASS" starttime="20211103 03:34:46.111" endtime="20211103 03:34:57.048"/>
</suite>
<statistics>
<total>
<stat pass="1" fail="0" skip="0">All Tests</stat>
</total>
<tag>
</tag>
<suite>
<stat pass="1" fail="0" skip="0" id="s1" name="TC1">TC1</stat>
</suite>
</statistics>
<errors>
</errors>
</robot>
